make all --print-data-base --no-builtin-variables --no-builtin-rules --question
make: *** No rule to make target 'all'.  Stop.

# GNU Make 4.2.1
# Built for x86_64-pc-linux-gnu
# Copyright (C) 1988-2016 Free Software Foundation, Inc.
# License GPLv3+: GNU GPL version 3 or later <http://gnu.org/licenses/gpl.html>
# This is free software: you are free to change and redistribute it.
# There is NO WARRANTY, to the extent permitted by law.

<<<<<<< HEAD
# Make data base, printed on Mon Jul  4 00:08:19 2022
=======
<<<<<<< HEAD
# Make data base, printed on Mon Jul  4 13:46:07 2022
=======
# Make data base, printed on Fri Jul  1 10:32:48 2022
>>>>>>> f0df6715671b55a8babda12365d9366e13f9f287
>>>>>>> 78f9cd0411a0d3713a1f800dae025134672ee30a

# Variables

# automatic
<D = $(patsubst %/,%,$(dir $<))
# automatic
?F = $(notdir $?)
# environment
WSLENV = VSCODE_WSL_EXT_LOCATION/up
# default
.SHELLFLAGS := -c
# environment
VSCODE_LOG_NATIVE = false
# automatic
?D = $(patsubst %/,%,$(dir $?))
# automatic
@D = $(patsubst %/,%,$(dir $@))
# automatic
@F = $(notdir $@)
# makefile
CURDIR := /home/gus/Atom
# makefile
SHELL = /bin/sh
# environment
<<<<<<< HEAD
VSCODE_NLS_CONFIG = {"locale":"pt-br","availableLanguages":{"*":"pt-br"},"_languagePackId":"195456cb6bc5e7dd989215cd334fb359.pt-br","_translationsConfigFile":"/home/gus/.vscode-server/data/clp/195456cb6bc5e7dd989215cd334fb359.pt-br/tcf.json","_cacheRoot":"/home/gus/.vscode-server/data/clp/195456cb6bc5e7dd989215cd334fb359.pt-br","_resolvedLanguagePackCoreLocation":"/home/gus/.vscode-server/data/clp/195456cb6bc5e7dd989215cd334fb359.pt-br/30d9c6cd9483b2cc586687151bcbcd635f373630","_corruptedFile":"/home/gus/.vscode-server/data/clp/195456cb6bc5e7dd989215cd334fb359.pt-br/corrupted.info","_languagePackSupport":true}
# environment
_ = /usr/bin/sh
=======
VSCODE_NLS_CONFIG = {"locale":"pt-br","availableLanguages":{"*":"pt-br"},"_languagePackId":"195456cb6bc5e7dd989215cd334fb359.pt-br","_translationsConfigFile":"/home/ozymandias/.vscode-server/data/clp/195456cb6bc5e7dd989215cd334fb359.pt-br/tcf.json","_cacheRoot":"/home/ozymandias/.vscode-server/data/clp/195456cb6bc5e7dd989215cd334fb359.pt-br","_resolvedLanguagePackCoreLocation":"/home/ozymandias/.vscode-server/data/clp/195456cb6bc5e7dd989215cd334fb359.pt-br/30d9c6cd9483b2cc586687151bcbcd635f373630","_corruptedFile":"/home/ozymandias/.vscode-server/data/clp/195456cb6bc5e7dd989215cd334fb359.pt-br/corrupted.info","_languagePackSupport":true}
# environment
_ = /home/ozymandias/.vscode-server/bin/30d9c6cd9483b2cc586687151bcbcd635f373630/node
>>>>>>> f0df6715671b55a8babda12365d9366e13f9f287
# makefile
MAKEFILE_LIST := 
# 'override' directive
GNUMAKEFLAGS := 
# environment
VSCODE_VERBOSE_LOGGING = true
# environment
VSCODE_CWD = /mnt/c/Users/ICUFMG/AppData/Local/Programs/Microsoft VS Code
# default
MAKE_HOST := x86_64-pc-linux-gnu
# environment
<<<<<<< HEAD
PATH = /home/gus/.vscode-server/bin/30d9c6cd9483b2cc586687151bcbcd635f373630/bin/remote-cli:/usr/local/sbin:/usr/local/bin:/usr/sbin:/usr/bin:/sbin:/bin:/usr/games:/usr/local/games:/usr/lib/wsl/lib:/mnt/c/Windows/system32:/mnt/c/Windows:/mnt/c/Windows/System32/Wbem:/mnt/c/Windows/System32/WindowsPowerShell/v1.0/:/mnt/c/Windows/System32/OpenSSH/:/mnt/c/Program Files/Git/cmd:/mnt/c/Users/ICUFMG/AppData/Local/Microsoft/WindowsApps:/mnt/c/Users/ICUFMG/AppData/Local/Programs/Microsoft VS Code/bin
# environment
VSCODE_LOG_STACK = false
# environment
VSCODE_IPC_HOOK_CLI = /tmp/vscode-ipc-68399efe-b292-4da8-bbc0-245ffad2711c.sock
=======
PATH = /home/ozymandias/.vscode-server/bin/30d9c6cd9483b2cc586687151bcbcd635f373630/bin/remote-cli:/usr/local/sbin:/usr/local/bin:/usr/sbin:/usr/bin:/sbin:/bin:/usr/games:/usr/local/games:/usr/lib/wsl/lib:/mnt/c/Program Files/Microsoft/jdk-11.0.12.7-hotspot/bin:/mnt/c/WINDOWS/system32:/mnt/c/WINDOWS:/mnt/c/WINDOWS/System32/Wbem:/mnt/c/WINDOWS/System32/WindowsPowerShell/v1.0/:/mnt/c/WINDOWS/System32/OpenSSH/:/mnt/c/Program Files/Microsoft SQL Server/150/Tools/Binn/:/mnt/c/Program Files/Microsoft SQL Server/Client SDK/ODBC/170/Tools/Binn/:/mnt/c/Program Files/dotnet/:/mnt/c/Program Files (x86)/Microsoft SQL Server/150/DTS/Binn/:/mnt/c/Program Files/Azure Data Studio/bin:/mnt/c/Program Files/OpenSSL-Win64/bin:/mnt/c/Program Files (x86)/Ghdl/Bin:/mnt/c/Program Files/MySQL/MySQL Shell 8.0/bin/:/mnt/c/Users/gusaq/AppData/Local/Microsoft/WindowsApps:/mnt/c/xampp/php:/mnt/c/Users/gusaq/composer:/mnt/c/Users/gusaq/AppData/Roaming/Composer/vendor/bin:/mnt/c/Users/gusaq/.dotnet/tools:/mnt/c/Program Files/Azure Data Studio/bin:/mnt/c/Users/gusaq/AppData/Local/GitHubDesktop/bin:/mnt/c/Users/gusaq/AppData/Local/Programs/Microsoft VS Code/bin:/snap/bin
# environment
VSCODE_LOG_STACK = false
# environment
<<<<<<< HEAD
VSCODE_IPC_HOOK_CLI = /tmp/vscode-ipc-5f9f8e55-168a-4aeb-9109-306a22402976.sock
=======
VSCODE_IPC_HOOK_CLI = /tmp/vscode-ipc-53f91e1d-2e36-4cfa-a97e-5c66d5c2c4bf.sock
>>>>>>> f0df6715671b55a8babda12365d9366e13f9f287
>>>>>>> 78f9cd0411a0d3713a1f800dae025134672ee30a
# default
.FEATURES := target-specific order-only second-expansion else-if shortest-stem undefine oneshell archives jobserver output-sync check-symlink load
# automatic
%F = $(notdir $%)
# environment
VSCODE_PIPE_LOGGING = true
# environment
PWD = /home/gus/Atom
# default
.LOADED := 
# environment
<<<<<<< HEAD
WSL_INTEROP = /run/WSL/11307_interop
=======
<<<<<<< HEAD
WSL_INTEROP = /run/WSL/11_interop
=======
WSL_INTEROP = /run/WSL/14_interop
>>>>>>> f0df6715671b55a8babda12365d9366e13f9f287
>>>>>>> 78f9cd0411a0d3713a1f800dae025134672ee30a
# environment
VSCODE_AMD_ENTRYPOINT = vs/workbench/api/node/extensionHostProcess
# environment
HOME = /home/gus
# environment
LOGNAME = gus
# environment
APPLICATION_INSIGHTS_NO_DIAGNOSTIC_CHANNEL = 1
# environment
VSCODE_HANDLES_UNCAUGHT_ERRORS = true
# automatic
^D = $(patsubst %/,%,$(dir $^))
# environment
MAKELEVEL := 0
# default
MAKE = $(MAKE_COMMAND)
# default
MAKECMDGOALS := all
# environment
SHLVL = 0
# default
MAKE_VERSION := 4.2.1
# environment
USER = gus
# makefile
.DEFAULT_GOAL := 
# environment
NAME = COFM01
# automatic
%D = $(patsubst %/,%,$(dir $%))
# environment
VSCODE_WSL_EXT_LOCATION = /mnt/c/Users/ICUFMG/.vscode/extensions/ms-vscode-remote.remote-wsl-0.66.3
# default
MAKE_COMMAND := make
# default
.VARIABLES := 
# automatic
*F = $(notdir $*)
# makefile
MAKEFLAGS = pqrR
# environment
MFLAGS = -pqrR
# automatic
*D = $(patsubst %/,%,$(dir $*))
# automatic
+D = $(patsubst %/,%,$(dir $+))
# automatic
+F = $(notdir $+)
# environment
VSCODE_HANDLES_SIGPIPE = true
# default
MAKEFILES := 
# automatic
<F = $(notdir $<)
# environment
LC_ALL = C
# environment
HOSTTYPE = x86_64
# automatic
^F = $(notdir $^)
# default
SUFFIXES := 
# default
.INCLUDE_DIRS = /usr/include /usr/local/include /usr/include
# default
.RECIPEPREFIX := 
# environment
LANG = C
# environment
TERM = xterm-256color
# environment
VSCODE_EXTHOST_WILL_SEND_SOCKET = true
# environment
WSL_DISTRO_NAME = Ubuntu-20.04
# variable set hash-table stats:
# Load=63/1024=6%, Rehash=0, Collisions=4/85=5%

# Pattern-specific Variable Values

# No pattern-specific variable values.

# Directories

<<<<<<< HEAD
# . (device 2064, inode 49324): 7 files, no impossibilities.
=======
# . (device 2064, inode 48158): 9 files, no impossibilities.
>>>>>>> f0df6715671b55a8babda12365d9366e13f9f287

# 9 files, no impossibilities in 1 directories.

# Implicit Rules

# No implicit rules.

# Files

# Not a target:
all:
#  Command line target.
#  Implicit rule search has been done.
#  File does not exist.
#  File has not been updated.

# Not a target:
Makefile:
#  Implicit rule search has been done.
#  File does not exist.
#  File has been updated.
#  Failed to be updated.

# Not a target:
makefile:
#  Implicit rule search has been done.
#  File does not exist.
#  File has been updated.
#  Failed to be updated.

# Not a target:
.DEFAULT:
#  Implicit rule search has not been done.
#  Modification time never checked.
#  File has not been updated.

# Not a target:
GNUmakefile:
#  Implicit rule search has been done.
#  File does not exist.
#  File has been updated.
#  Failed to be updated.

# files hash-table stats:
# Load=6/1024=1%, Rehash=0, Collisions=0/15=0%
# VPATH Search Paths

# No 'vpath' search paths.

# No general ('VPATH' variable) search path.

# strcache buffers: 1 (0) / strings = 17 / storage = 184 B / avg = 10 B
# current buf: size = 8162 B / used = 184 B / count = 17 / avg = 10 B

# strcache performance: lookups = 20 / hit rate = 15%
# hash-table stats:
<<<<<<< HEAD
# Load=15/8192=0%, Rehash=0, Collisions=1/18=6%
# Finished Make data base on Mon Jul  4 13:46:07 2022
=======
# Load=17/8192=0%, Rehash=0, Collisions=1/20=5%
<<<<<<< HEAD
# Finished Make data base on Mon Jul  4 00:08:19 2022
=======
# Finished Make data base on Fri Jul  1 10:32:48 2022
>>>>>>> f0df6715671b55a8babda12365d9366e13f9f287
>>>>>>> 78f9cd0411a0d3713a1f800dae025134672ee30a

 
